# JRE version: OpenJDK Runtime Environment (8.0_242-b01) (build 1.8.0_242-release-1644-b01)
# Java VM: OpenJDK 64-Bit Server VM (25.242-b01 mixed mode windows-amd64 compressed oops)
Heap:
 PSYoungGen      total 281600K, used 107678K [0x00000000d5580000, 0x00000000ee600000, 0x0000000100000000)
  eden space 264704K, 40% used [0x00000000d5580000,0x00000000dbea7958,0x00000000e5800000)
  from space 16896K, 0% used [0x00000000e5800000,0x00000000e5800000,0x00000000e6880000)
  to   space 22528K, 0% used [0x00000000ed000000,0x00000000ed000000,0x00000000ee600000)
 ParOldGen       total 83968K, used 37536K [0x0000000080000000, 0x0000000085200000, 0x00000000d5580000)
  object space 83968K, 44% used [0x0000000080000000,0x00000000824a8318,0x0000000085200000)
 Metaspace       used 63737K, capacity 66448K, committed 66648K, reserved 1107968K
  class space    used 8555K, capacity 9075K, committed 9088K, reserved 1048576K
GC Heap History (10 events):
Event: 33.934 GC heap before
{Heap before GC invocations=12 (full 2):
 PSYoungGen      total 157696K, used 143872K [0x00000000d5580000, 0x00000000e3300000, 0x0000000100000000)
  eden space 143872K, 100% used [0x00000000d5580000,0x00000000de200000,0x00000000de200000)
  from space 13824K, 0% used [0x00000000de200000,0x00000000de200000,0x00000000def80000)
  to   space 13312K, 0% used [0x00000000e2600000,0x00000000e2600000,0x00000000e3300000)
 ParOldGen       total 83968K, used 13092K [0x0000000080000000, 0x0000000085200000, 0x00000000d5580000)
  object space 83968K, 15% used [0x0000000080000000,0x0000000080cc92f0,0x0000000085200000)
 Metaspace       used 36553K, capacity 37784K, committed 38016K, reserved 1081344K
  class space    used 4825K, capacity 5128K, committed 5248K, reserved 1048576K
Event: 33.951 GC heap after
Heap after GC invocations=12 (full 2):
 PSYoungGen      total 210432K, used 6901K [0x00000000d5580000, 0x00000000e3100000, 0x0000000100000000)
  eden space 199168K, 0% used [0x00000000d5580000,0x00000000d5580000,0x00000000e1800000)
  from space 11264K, 61% used [0x00000000e2600000,0x00000000e2cbd400,0x00000000e3100000)
  to   space 12800K, 0% used [0x00000000e1800000,0x00000000e1800000,0x00000000e2480000)
 ParOldGen       total 83968K, used 13100K [0x0000000080000000, 0x0000000085200000, 0x00000000d5580000)
  object space 83968K, 15% used [0x0000000080000000,0x0000000080ccb2f0,0x0000000085200000)
 Metaspace       used 36553K, capacity 37784K, committed 38016K, reserved 1081344K
  class space    used 4825K, capacity 5128K, committed 5248K, reserved 1048576K
}
Event: 36.362 GC heap before
{Heap before GC invocations=13 (full 2):
 PSYoungGen      total 210432K, used 206069K [0x00000000d5580000, 0x00000000e3100000, 0x0000000100000000)
  eden space 199168K, 100% used [0x00000000d5580000,0x00000000e1800000,0x00000000e1800000)
  from space 11264K, 61% used [0x00000000e2600000,0x00000000e2cbd400,0x00000000e3100000)
  to   space 12800K, 0% used [0x00000000e1800000,0x00000000e1800000,0x00000000e2480000)
 ParOldGen       total 83968K, used 13100K [0x0000000080000000, 0x0000000085200000, 0x00000000d5580000)
  object space 83968K, 15% used [0x0000000080000000,0x0000000080ccb2f0,0x0000000085200000)
 Metaspace       used 37206K, capacity 38600K, committed 38784K, reserved 1083392K
  class space    used 4889K, capacity 5183K, committed 5248K, reserved 1048576K
Event: 36.372 GC heap after
Heap after GC invocations=13 (full 2):
 PSYoungGen      total 211968K, used 3492K [0x00000000d5580000, 0x00000000e7680000, 0x0000000100000000)
  eden space 199168K, 0% used [0x00000000d5580000,0x00000000d5580000,0x00000000e1800000)
  from space 12800K, 27% used [0x00000000e1800000,0x00000000e1b69270,0x00000000e2480000)
  to   space 13312K, 0% used [0x00000000e6980000,0x00000000e6980000,0x00000000e7680000)
 ParOldGen       total 83968K, used 13108K [0x0000000080000000, 0x0000000085200000, 0x00000000d5580000)
  object space 83968K, 15% used [0x0000000080000000,0x0000000080ccd2f0,0x0000000085200000)
 Metaspace       used 37206K, capacity 38600K, committed 38784K, reserved 1083392K
  class space    used 4889K, capacity 5183K, committed 5248K, reserved 1048576K
}
Event: 45.538 GC heap before
{Heap before GC invocations=14 (full 2):
 PSYoungGen      total 211968K, used 202660K [0x00000000d5580000, 0x00000000e7680000, 0x0000000100000000)
  eden space 199168K, 100% used [0x00000000d5580000,0x00000000e1800000,0x00000000e1800000)
  from space 12800K, 27% used [0x00000000e1800000,0x00000000e1b69270,0x00000000e2480000)
  to   space 13312K, 0% used [0x00000000e6980000,0x00000000e6980000,0x00000000e7680000)
 ParOldGen       total 83968K, used 13108K [0x0000000080000000, 0x0000000085200000, 0x00000000d5580000)
  object space 83968K, 15% used [0x0000000080000000,0x0000000080ccd2f0,0x0000000085200000)
 Metaspace       used 47608K, capacity 49828K, committed 50176K, reserved 1093632K
  class space    used 6341K, capacity 6800K, committed 6912K, reserved 1048576K
Event: 45.592 GC heap after
Heap after GC invocations=14 (full 2):
 PSYoungGen      total 278016K, used 13308K [0x00000000d5580000, 0x00000000e7900000, 0x0000000100000000)
  eden space 264704K, 0% used [0x00000000d5580000,0x00000000d5580000,0x00000000e5800000)
  from space 13312K, 99% used [0x00000000e6980000,0x00000000e767f138,0x00000000e7680000)
  to   space 16896K, 0% used [0x00000000e5800000,0x00000000e5800000,0x00000000e6880000)
 ParOldGen       total 83968K, used 18767K [0x0000000080000000, 0x0000000085200000, 0x00000000d5580000)
  object space 83968K, 22% used [0x0000000080000000,0x0000000081253c78,0x0000000085200000)
 Metaspace       used 47608K, capacity 49828K, committed 50176K, reserved 1093632K
  class space    used 6341K, capacity 6800K, committed 6912K, reserved 1048576K
}
Event: 49.891 GC heap before
{Heap before GC invocations=15 (full 2):
 PSYoungGen      total 278016K, used 137698K [0x00000000d5580000, 0x00000000e7900000, 0x0000000100000000)
  eden space 264704K, 46% used [0x00000000d5580000,0x00000000dcef9770,0x00000000e5800000)
  from space 13312K, 99% used [0x00000000e6980000,0x00000000e767f138,0x00000000e7680000)
  to   space 16896K, 0% used [0x00000000e5800000,0x00000000e5800000,0x00000000e6880000)
 ParOldGen       total 83968K, used 18767K [0x0000000080000000, 0x0000000085200000, 0x00000000d5580000)
  object space 83968K, 22% used [0x0000000080000000,0x0000000081253c78,0x0000000085200000)
 Metaspace       used 56671K, capacity 59072K, committed 59096K, reserved 1099776K
  class space    used 7419K, capacity 7916K, committed 7936K, reserved 1048576K
Event: 50.032 GC heap after
Heap after GC invocations=15 (full 2):
 PSYoungGen      total 281600K, used 16872K [0x00000000d5580000, 0x00000000ee600000, 0x0000000100000000)
  eden space 264704K, 0% used [0x00000000d5580000,0x00000000d5580000,0x00000000e5800000)
  from space 16896K, 99% used [0x00000000e5800000,0x00000000e687a138,0x00000000e6880000)
  to   space 22528K, 0% used [0x00000000ed000000,0x00000000ed000000,0x00000000ee600000)
 ParOldGen       total 83968K, used 27804K [0x0000000080000000, 0x0000000085200000, 0x00000000d5580000)
  object space 83968K, 33% used [0x0000000080000000,0x0000000081b27340,0x0000000085200000)
 Metaspace       used 56671K, capacity 59072K, committed 59096K, reserved 1099776K
  class space    used 7419K, capacity 7916K, committed 7936K, reserved 1048576K
}
Event: 50.032 GC heap before
{Heap before GC invocations=16 (full 3):
 PSYoungGen      total 281600K, used 16872K [0x00000000d5580000, 0x00000000ee600000, 0x0000000100000000)
  eden space 264704K, 0% used [0x00000000d5580000,0x00000000d5580000,0x00000000e5800000)
  from space 16896K, 99% used [0x00000000e5800000,0x00000000e687a138,0x00000000e6880000)
  to   space 22528K, 0% used [0x00000000ed000000,0x00000000ed000000,0x00000000ee600000)
 ParOldGen       total 83968K, used 27804K [0x0000000080000000, 0x0000000085200000, 0x00000000d5580000)
  object space 83968K, 33% used [0x0000000080000000,0x0000000081b27340,0x0000000085200000)
 Metaspace       used 56671K, capacity 59072K, committed 59096K, reserved 1099776K
  class space    used 7419K, capacity 7916K, committed 7936K, reserved 1048576K
Event: 50.726 GC heap after
Heap after GC invocations=16 (full 3):
 PSYoungGen      total 281600K, used 0K [0x00000000d5580000, 0x00000000ee600000, 0x0000000100000000)
  eden space 264704K, 0% used [0x00000000d5580000,0x00000000d5580000,0x00000000e5800000)
  from space 16896K, 0% used [0x00000000e5800000,0x00000000e5800000,0x00000000e6880000)
  to   space 22528K, 0% used [0x00000000ed000000,0x00000000ed000000,0x00000000ee600000)
 ParOldGen       total 83968K, used 37536K [0x0000000080000000, 0x0000000085200000, 0x00000000d5580000)
  object space 83968K, 44% used [0x0000000080000000,0x00000000824a8318,0x0000000085200000)
 Metaspace       used 56613K, capacity 58948K, committed 59096K, reserved 1099776K
  class space    used 7403K, capacity 7898K, committed 7936K, reserved 1048576K
}

